<?xml version="1.0" encoding="UTF-8"?>
<!-- Generated by org.testng.reporters.JUnitXMLReporter -->
<testsuite ignored="0" hostname="LAPTOP-7NL2BR4H" failures="0" tests="5" name="Surefire test" time="17.918" errors="0" timestamp="2022-10-21T09:43:15 CEST">
  <testcase classname="com.spotify.oauth2.tests.PlaylistTests" name="ShouldBeAbleToCreateAPlaylist" time="15.635"/>
  <testcase classname="com.spotify.oauth2.tests.PlaylistTests" name="ShouldBeAbleToGetAPlaylist" time="0.506"/>
  <testcase classname="com.spotify.oauth2.tests.PlaylistTests" name="ShouldBeAbleToUpdateAPlaylist" time="0.562"/>
  <testcase classname="com.spotify.oauth2.tests.PlaylistTests" name="ShouldNotBeAbleToCreateAPlaylistWithExpiredToken" time="0.34"/>
  <testcase classname="com.spotify.oauth2.tests.PlaylistTests" name="ShouldNotBeAbleToCreateAPlaylistWithName" time="0.284"/>
</testsuite> <!-- Surefire test -->
