<?xml version="1.0" encoding="UTF-8"?>
<testng-results ignored="0" total="5" passed="5" failed="0" skipped="0">
  <reporter-output>
  </reporter-output>
  <suite started-at="2022-10-21T09:42:57 CEST" name="Surefire suite" finished-at="2022-10-21T09:43:15 CEST" duration-ms="17918">
    <groups>
    </groups>
    <test started-at="2022-10-21T09:42:57 CEST" name="Surefire test" finished-at="2022-10-21T09:43:15 CEST" duration-ms="17918">
      <class name="com.spotify.oauth2.tests.PlaylistTests">
        <test-method signature="ShouldBeAbleToCreateAPlaylist()[pri:0, instance:com.spotify.oauth2.tests.PlaylistTests@383c3eb3]" started-at="2022-10-21T09:42:57 CEST" name="ShouldBeAbleToCreateAPlaylist" description="should be able to create a playlist" finished-at="2022-10-21T09:43:13 CEST" duration-ms="15635" status="PASS">
          <reporter-output>
          </reporter-output>
        </test-method> <!-- ShouldBeAbleToCreateAPlaylist -->
        <test-method signature="ShouldBeAbleToGetAPlaylist()[pri:0, instance:com.spotify.oauth2.tests.PlaylistTests@383c3eb3]" started-at="2022-10-21T09:43:13 CEST" name="ShouldBeAbleToGetAPlaylist" finished-at="2022-10-21T09:43:14 CEST" duration-ms="506" status="PASS">
          <reporter-output>
          </reporter-output>
        </test-method> <!-- ShouldBeAbleToGetAPlaylist -->
        <test-method signature="ShouldBeAbleToUpdateAPlaylist()[pri:0, instance:com.spotify.oauth2.tests.PlaylistTests@383c3eb3]" started-at="2022-10-21T09:43:14 CEST" name="ShouldBeAbleToUpdateAPlaylist" finished-at="2022-10-21T09:43:15 CEST" duration-ms="562" status="PASS">
          <reporter-output>
          </reporter-output>
        </test-method> <!-- ShouldBeAbleToUpdateAPlaylist -->
        <test-method signature="ShouldNotBeAbleToCreateAPlaylistWithExpiredToken()[pri:0, instance:com.spotify.oauth2.tests.PlaylistTests@383c3eb3]" started-at="2022-10-21T09:43:15 CEST" name="ShouldNotBeAbleToCreateAPlaylistWithExpiredToken" finished-at="2022-10-21T09:43:15 CEST" duration-ms="340" status="PASS">
          <reporter-output>
          </reporter-output>
        </test-method> <!-- ShouldNotBeAbleToCreateAPlaylistWithExpiredToken -->
        <test-method signature="ShouldNotBeAbleToCreateAPlaylistWithName()[pri:0, instance:com.spotify.oauth2.tests.PlaylistTests@383c3eb3]" started-at="2022-10-21T09:43:15 CEST" name="ShouldNotBeAbleToCreateAPlaylistWithName" finished-at="2022-10-21T09:43:15 CEST" duration-ms="284" status="PASS">
          <reporter-output>
          </reporter-output>
        </test-method> <!-- ShouldNotBeAbleToCreateAPlaylistWithName -->
      </class> <!-- com.spotify.oauth2.tests.PlaylistTests -->
    </test> <!-- Surefire test -->
  </suite> <!-- Surefire suite -->
</testng-results>
