<?xml version="1.0" encoding="UTF-8"?>
<testng-results ignored="0" total="5" passed="5" failed="0" skipped="0">
  <reporter-output>
  </reporter-output>
  <suite started-at="2022-10-29T06:40:14 CEST" name="Surefire suite" finished-at="2022-10-29T06:40:24 CEST" duration-ms="10097">
    <groups>
    </groups>
    <test started-at="2022-10-29T06:40:14 CEST" name="Surefire test" finished-at="2022-10-29T06:40:24 CEST" duration-ms="10097">
      <class name="com.spotify.oauth2.tests.PlaylistTests">
        <test-method is-config="true" signature="beforeMethod(java.lang.reflect.Method)[pri:0, instance:com.spotify.oauth2.tests.PlaylistTests@4570d7b6]" started-at="2022-10-29T06:40:14 CEST" name="beforeMethod" finished-at="2022-10-29T06:40:14 CEST" duration-ms="55" status="PASS">
          <params>
            <param index="0">
              <value>
                <![CDATA[public void com.spotify.oauth2.tests.PlaylistTests.ShouldBeAbleToUpdateAPlaylist()]]>
              </value>
            </param>
          </params>
          <reporter-output>
          </reporter-output>
        </test-method> <!-- beforeMethod -->
        <test-method is-config="true" signature="beforeMethod(java.lang.reflect.Method)[pri:0, instance:com.spotify.oauth2.tests.PlaylistTests@4570d7b6]" started-at="2022-10-29T06:40:14 CEST" name="beforeMethod" finished-at="2022-10-29T06:40:14 CEST" duration-ms="57" status="PASS">
          <params>
            <param index="0">
              <value>
                <![CDATA[public void com.spotify.oauth2.tests.PlaylistTests.ShouldBeAbleToGetAPlaylist()]]>
              </value>
            </param>
          </params>
          <reporter-output>
          </reporter-output>
        </test-method> <!-- beforeMethod -->
        <test-method is-config="true" signature="beforeMethod(java.lang.reflect.Method)[pri:0, instance:com.spotify.oauth2.tests.PlaylistTests@4570d7b6]" started-at="2022-10-29T06:40:14 CEST" name="beforeMethod" finished-at="2022-10-29T06:40:14 CEST" duration-ms="57" status="PASS">
          <params>
            <param index="0">
              <value>
                <![CDATA[public void com.spotify.oauth2.tests.PlaylistTests.ShouldNotBeAbleToCreateAPlaylistWithName()]]>
              </value>
            </param>
          </params>
          <reporter-output>
          </reporter-output>
        </test-method> <!-- beforeMethod -->
        <test-method is-config="true" signature="beforeMethod(java.lang.reflect.Method)[pri:0, instance:com.spotify.oauth2.tests.PlaylistTests@4570d7b6]" started-at="2022-10-29T06:40:14 CEST" name="beforeMethod" finished-at="2022-10-29T06:40:14 CEST" duration-ms="56" status="PASS">
          <params>
            <param index="0">
              <value>
                <![CDATA[public void com.spotify.oauth2.tests.PlaylistTests.ShouldBeAbleToCreateAPlaylist()]]>
              </value>
            </param>
          </params>
          <reporter-output>
          </reporter-output>
        </test-method> <!-- beforeMethod -->
        <test-method is-config="true" signature="beforeMethod(java.lang.reflect.Method)[pri:0, instance:com.spotify.oauth2.tests.PlaylistTests@4570d7b6]" started-at="2022-10-29T06:40:14 CEST" name="beforeMethod" finished-at="2022-10-29T06:40:14 CEST" duration-ms="53" status="PASS">
          <params>
            <param index="0">
              <value>
                <![CDATA[public void com.spotify.oauth2.tests.PlaylistTests.ShouldNotBeAbleToCreateAPlaylistWithExpiredToken()]]>
              </value>
            </param>
          </params>
          <reporter-output>
          </reporter-output>
        </test-method> <!-- beforeMethod -->
        <test-method signature="ShouldBeAbleToUpdateAPlaylist()[pri:0, instance:com.spotify.oauth2.tests.PlaylistTests@4570d7b6]" started-at="2022-10-29T06:40:14 CEST" name="ShouldBeAbleToUpdateAPlaylist" finished-at="2022-10-29T06:40:24 CEST" duration-ms="9522" status="PASS">
          <reporter-output>
          </reporter-output>
        </test-method> <!-- ShouldBeAbleToUpdateAPlaylist -->
        <test-method signature="ShouldNotBeAbleToCreateAPlaylistWithName()[pri:0, instance:com.spotify.oauth2.tests.PlaylistTests@4570d7b6]" started-at="2022-10-29T06:40:14 CEST" name="ShouldNotBeAbleToCreateAPlaylistWithName" finished-at="2022-10-29T06:40:23 CEST" duration-ms="9175" status="PASS">
          <reporter-output>
          </reporter-output>
        </test-method> <!-- ShouldNotBeAbleToCreateAPlaylistWithName -->
        <test-method signature="ShouldNotBeAbleToCreateAPlaylistWithExpiredToken()[pri:0, instance:com.spotify.oauth2.tests.PlaylistTests@4570d7b6]" started-at="2022-10-29T06:40:14 CEST" name="ShouldNotBeAbleToCreateAPlaylistWithExpiredToken" finished-at="2022-10-29T06:40:22 CEST" duration-ms="7610" status="PASS">
          <reporter-output>
          </reporter-output>
        </test-method> <!-- ShouldNotBeAbleToCreateAPlaylistWithExpiredToken -->
        <test-method signature="ShouldBeAbleToGetAPlaylist()[pri:0, instance:com.spotify.oauth2.tests.PlaylistTests@4570d7b6]" started-at="2022-10-29T06:40:14 CEST" name="ShouldBeAbleToGetAPlaylist" finished-at="2022-10-29T06:40:23 CEST" duration-ms="9385" status="PASS">
          <reporter-output>
          </reporter-output>
        </test-method> <!-- ShouldBeAbleToGetAPlaylist -->
        <test-method signature="ShouldBeAbleToCreateAPlaylist()[pri:0, instance:com.spotify.oauth2.tests.PlaylistTests@4570d7b6]" started-at="2022-10-29T06:40:14 CEST" name="ShouldBeAbleToCreateAPlaylist" description="should be able to create a playlist" finished-at="2022-10-29T06:40:24 CEST" duration-ms="9428" status="PASS">
          <reporter-output>
          </reporter-output>
        </test-method> <!-- ShouldBeAbleToCreateAPlaylist -->
      </class> <!-- com.spotify.oauth2.tests.PlaylistTests -->
    </test> <!-- Surefire test -->
  </suite> <!-- Surefire suite -->
</testng-results>
