<?xml version="1.0" encoding="UTF-8"?>
<testsuite xmlns:xsi="http://www.w3.org/2001/XMLSchema-instance" xsi:noNamespaceSchemaLocation="https://maven.apache.org/surefire/maven-surefire-plugin/xsd/surefire-test-report-3.0.xsd" version="3.0" name="com.spotify.oauth2.tests.PlaylistTests" time="23.949" tests="5" errors="0" skipped="0" failures="0">
  <properties>
[...]
</properties>
  <testcase name="ShouldBeAbleToCreateAPlaylist" classname="com.spotify.oauth2.tests.PlaylistTests" time="16.073">
    <system-out><![CDATA[renewing token...
Request method:	POST
Request URI:	https://accounts.spotify.com/api/token
Proxy:			<none>
Request params:	<none>
Query params:	<none>
Form params:	refresh_token=AQCGgk1uswegPwbANk1e3nnNXO76zV0C6BHqvDYK73cfMk8HGxClprYTQgd83_nzySjO_9xjyhM_2ol7881Kfv10PI1yRWAkgHSo1sk3ma2MctcoH-KIN9dPEOgb-YCR6kU
				grant_type=refresh_token
				client_secret=a1a21de6f83c4866bf84c725f7531175
				client_id=a24b35f64dde4aa5a4457e97dd58654a
Path params:	<none>
Headers:		Accept=*/*
				Content-Type=application/x-www-form-urlencoded; charset=ISO-8859-1
Cookies:		<none>
Multiparts:		<none>
Body:			<none>
HTTP/1.1 200 OK
date: Fri, 21 Oct 2022 07:43:04 GMT
content-type: application/json
vary: Accept-Encoding
set-cookie: __Host-device_id=AQBPDnll59pdkVASla2znCuoYCANtHRiyA-fb-xYjECZtl60EGIknCRXD3IVxtGjLsW25ygOFtYwj4Q92iy3wrT3WUfQVozByUQ;Version=1;Path=/;Max-Age=2147483647;Secure;HttpOnly;SameSite=Lax
set-cookie: sp_tr=false;Version=1;Domain=accounts.spotify.com;Path=/;Secure;SameSite=Lax
sp-trace-id: fefe35cf25e89037
content-encoding: gzip
x-envoy-upstream-service-time: 27
server: envoy
strict-transport-security: max-age=31536000
x-content-type-options: nosniff
Via: HTTP/2 edgeproxy, 1.1 google
Alt-Svc: h3=":443"; ma=2592000,h3-29=":443"; ma=2592000
Transfer-Encoding: chunked

{
    "access_token": "BQB39F41HNQBT8VvnREV9vAs0O2GLhk3gtJ_Zpqj4x4spv28HYFJWMXKcYtpWxN3Mj3lZtX-EaeOkaCiXwgqwBpZoP09KTwwojVZWXVY0knSkER9vEK6UT05XZiH2wdddCXlpvMc3DcoVl_670offXgIoFoGgi65FRFRbIv1lNT-uJ4F-KhUS7x1dfM9YYw9XL6p-_PCgqAPsrLpoU51A8mLUyh9W34YDn19u5LpMiBIIpOABTd_oDpBr6emQuM-7aqcFMR0u5gaNnn5l0o8EUeSxCOOAw",
    "token_type": "Bearer",
    "expires_in": 3600,
    "scope": "playlist-read-private playlist-read-collaborative playlist-modify-private playlist-modify-public user-read-email user-read-private"
}
Request method:	POST
Request URI:	https://api.spotify.com/v1/users/31xxj6sy7e2cornflo4cnsygfsyu/playlists
Proxy:			<none>
Request params:	<none>
Query params:	<none>
Form params:	<none>
Path params:	<none>
Headers:		Authorization=Bearer BQB39F41HNQBT8VvnREV9vAs0O2GLhk3gtJ_Zpqj4x4spv28HYFJWMXKcYtpWxN3Mj3lZtX-EaeOkaCiXwgqwBpZoP09KTwwojVZWXVY0knSkER9vEK6UT05XZiH2wdddCXlpvMc3DcoVl_670offXgIoFoGgi65FRFRbIv1lNT-uJ4F-KhUS7x1dfM9YYw9XL6p-_PCgqAPsrLpoU51A8mLUyh9W34YDn19u5LpMiBIIpOABTd_oDpBr6emQuM-7aqcFMR0u5gaNnn5l0o8EUeSxCOOAw
				Accept=*/*
				Content-Type=application/json
Cookies:		<none>
Multiparts:		<none>
Body:
{
    "description": "New playlist description",
    "name": "New Playlist",
    "public": false
}
HTTP/1.1 201 Created
content-type: application/json; charset=utf-8
cache-control: private, max-age=0
location: https://api.spotify.com/v1/playlists/0SHFXAP7hZN0HE1jFdbEPH
x-robots-tag: noindex, nofollow
access-control-allow-origin: *
access-control-allow-headers: Accept, App-Platform, Authorization, Content-Type, Origin, Retry-After, Spotify-App-Version, X-Cloud-Trace-Context, client-token, content-access-token
access-control-allow-methods: GET, POST, OPTIONS, PUT, DELETE, PATCH
access-control-allow-credentials: true
access-control-max-age: 604800
content-encoding: gzip
strict-transport-security: max-age=31536000
x-content-type-options: nosniff
date: Fri, 21 Oct 2022 07:43:12 GMT
server: envoy
Via: HTTP/2 edgeproxy, 1.1 google
Alt-Svc: h3=":443"; ma=2592000,h3-29=":443"; ma=2592000
Transfer-Encoding: chunked

{
    "collaborative": false,
    "description": "New playlist description",
    "external_urls": {
        "spotify": "https://open.spotify.com/playlist/0SHFXAP7hZN0HE1jFdbEPH"
    },
    "followers": {
        "href": null,
        "total": 0
    },
    "href": "https://api.spotify.com/v1/playlists/0SHFXAP7hZN0HE1jFdbEPH",
    "id": "0SHFXAP7hZN0HE1jFdbEPH",
    "images": [
        
    ],
    "name": "New Playlist",
    "owner": {
        "display_name": "Lucas",
        "external_urls": {
            "spotify": "https://open.spotify.com/user/31xxj6sy7e2cornflo4cnsygfsyu"
        },
        "href": "https://api.spotify.com/v1/users/31xxj6sy7e2cornflo4cnsygfsyu",
        "id": "31xxj6sy7e2cornflo4cnsygfsyu",
        "type": "user",
        "uri": "spotify:user:31xxj6sy7e2cornflo4cnsygfsyu"
    },
    "primary_color": null,
    "public": false,
    "snapshot_id": "MSxmOGM3ZjE2OGQyNmEwZTYzYmZlMThjZDE0NGZjZDJmZGExZTFjNjJl",
    "tracks": {
        "href": "https://api.spotify.com/v1/playlists/0SHFXAP7hZN0HE1jFdbEPH/tracks",
        "items": [
            
        ],
        "limit": 100,
        "next": null,
        "offset": 0,
        "previous": null,
        "total": 0
    },
    "type": "playlist",
    "uri": "spotify:playlist:0SHFXAP7hZN0HE1jFdbEPH"
}
]]></system-out>
  </testcase>
  <testcase name="ShouldBeAbleToGetAPlaylist" classname="com.spotify.oauth2.tests.PlaylistTests" time="0.554">
    <system-out><![CDATA[token is good to use
Request method:	GET
Request URI:	https://api.spotify.com/v1/playlists/3m5qfL92Ytzj3q3AGxLth2
Proxy:			<none>
Request params:	<none>
Query params:	<none>
Form params:	<none>
Path params:	<none>
Headers:		Authorization=Bearer BQB39F41HNQBT8VvnREV9vAs0O2GLhk3gtJ_Zpqj4x4spv28HYFJWMXKcYtpWxN3Mj3lZtX-EaeOkaCiXwgqwBpZoP09KTwwojVZWXVY0knSkER9vEK6UT05XZiH2wdddCXlpvMc3DcoVl_670offXgIoFoGgi65FRFRbIv1lNT-uJ4F-KhUS7x1dfM9YYw9XL6p-_PCgqAPsrLpoU51A8mLUyh9W34YDn19u5LpMiBIIpOABTd_oDpBr6emQuM-7aqcFMR0u5gaNnn5l0o8EUeSxCOOAw
				Accept=*/*
				Content-Type=application/json
Cookies:		<none>
Multiparts:		<none>
Body:			<none>
HTTP/1.1 200 OK
content-type: application/json; charset=utf-8
cache-control: public, max-age=0
etag: "MC-ImY1NzM4MWJkN2E3ZGMxYjJlNjlhNzhlNmJlMWI5YzNmIg=="
x-robots-tag: noindex, nofollow
access-control-allow-origin: *
access-control-allow-headers: Accept, App-Platform, Authorization, Content-Type, Origin, Retry-After, Spotify-App-Version, X-Cloud-Trace-Context, client-token, content-access-token
access-control-allow-methods: GET, POST, OPTIONS, PUT, DELETE, PATCH
access-control-allow-credentials: true
access-control-max-age: 604800
content-encoding: gzip
strict-transport-security: max-age=31536000
x-content-type-options: nosniff
date: Fri, 21 Oct 2022 07:43:13 GMT
server: envoy
Via: HTTP/2 edgeproxy, 1.1 google
Alt-Svc: h3=":443"; ma=2592000,h3-29=":443"; ma=2592000
Transfer-Encoding: chunked

{
    "collaborative": false,
    "description": "New playlist description",
    "external_urls": {
        "spotify": "https://open.spotify.com/playlist/3m5qfL92Ytzj3q3AGxLth2"
    },
    "followers": {
        "href": null,
        "total": 0
    },
    "href": "https://api.spotify.com/v1/playlists/3m5qfL92Ytzj3q3AGxLth2",
    "id": "3m5qfL92Ytzj3q3AGxLth2",
    "images": [
        
    ],
    "name": "New Playlist",
    "owner": {
        "display_name": "Lucas",
        "external_urls": {
            "spotify": "https://open.spotify.com/user/31xxj6sy7e2cornflo4cnsygfsyu"
        },
        "href": "https://api.spotify.com/v1/users/31xxj6sy7e2cornflo4cnsygfsyu",
        "id": "31xxj6sy7e2cornflo4cnsygfsyu",
        "type": "user",
        "uri": "spotify:user:31xxj6sy7e2cornflo4cnsygfsyu"
    },
    "primary_color": null,
    "public": false,
    "snapshot_id": "MTQsMTU2Zjc1M2ZiMGJlYjE4ZDk2NzQ5YTRjNzc1N2FiZGZlMzZhNjY2OA==",
    "tracks": {
        "href": "https://api.spotify.com/v1/playlists/3m5qfL92Ytzj3q3AGxLth2/tracks?offset=0&limit=100",
        "items": [
            
        ],
        "limit": 100,
        "next": null,
        "offset": 0,
        "previous": null,
        "total": 0
    },
    "type": "playlist",
    "uri": "spotify:playlist:3m5qfL92Ytzj3q3AGxLth2"
}
]]></system-out>
  </testcase>
  <testcase name="ShouldBeAbleToUpdateAPlaylist" classname="com.spotify.oauth2.tests.PlaylistTests" time="0.55">
    <system-out><![CDATA[token is good to use
Request method:	PUT
Request URI:	https://api.spotify.com/v1/playlists/1wdZvwLxNRb2hab8V9Jpm9
Proxy:			<none>
Request params:	<none>
Query params:	<none>
Form params:	<none>
Path params:	<none>
Headers:		Authorization=Bearer BQB39F41HNQBT8VvnREV9vAs0O2GLhk3gtJ_Zpqj4x4spv28HYFJWMXKcYtpWxN3Mj3lZtX-EaeOkaCiXwgqwBpZoP09KTwwojVZWXVY0knSkER9vEK6UT05XZiH2wdddCXlpvMc3DcoVl_670offXgIoFoGgi65FRFRbIv1lNT-uJ4F-KhUS7x1dfM9YYw9XL6p-_PCgqAPsrLpoU51A8mLUyh9W34YDn19u5LpMiBIIpOABTd_oDpBr6emQuM-7aqcFMR0u5gaNnn5l0o8EUeSxCOOAw
				Accept=*/*
				Content-Type=application/json
Cookies:		<none>
Multiparts:		<none>
Body:
{
    "description": "New playlist description",
    "name": "New Playlist",
    "public": false
}
HTTP/1.1 200 OK
cache-control: private, max-age=0
x-robots-tag: noindex, nofollow
access-control-allow-origin: *
access-control-allow-headers: Accept, App-Platform, Authorization, Content-Type, Origin, Retry-After, Spotify-App-Version, X-Cloud-Trace-Context, client-token, content-access-token
access-control-allow-methods: GET, POST, OPTIONS, PUT, DELETE, PATCH
access-control-allow-credentials: true
access-control-max-age: 604800
Content-Length: 0
strict-transport-security: max-age=31536000
x-content-type-options: nosniff
date: Fri, 21 Oct 2022 07:43:14 GMT
server: envoy
Via: HTTP/2 edgeproxy, 1.1 google
Alt-Svc: h3=":443"; ma=2592000,h3-29=":443"; ma=2592000
]]></system-out>
  </testcase>
  <testcase name="ShouldNotBeAbleToCreateAPlaylistWithExpiredToken" classname="com.spotify.oauth2.tests.PlaylistTests" time="0.339">
    <system-out><![CDATA[Request method:	POST
Request URI:	https://api.spotify.com/v1/users/31xxj6sy7e2cornflo4cnsygfsyu/playlists
Proxy:			<none>
Request params:	<none>
Query params:	<none>
Form params:	<none>
Path params:	<none>
Headers:		Authorization=Bearer 12345
				Accept=*/*
				Content-Type=application/json
Cookies:		<none>
Multiparts:		<none>
Body:
{
    "description": "New playlist description",
    "name": "New Playlist",
    "public": false
}
HTTP/1.1 401 Unauthorized
www-authenticate: Bearer realm="spotify", error="invalid_token", error_description="Invalid access token"
access-control-allow-origin: *
access-control-allow-headers: Accept, App-Platform, Authorization, Content-Type, Origin, Retry-After, Spotify-App-Version, X-Cloud-Trace-Context, client-token, content-access-token
access-control-allow-methods: GET, POST, OPTIONS, PUT, DELETE, PATCH
access-control-allow-credentials: true
access-control-max-age: 604800
content-type: application/json
content-encoding: gzip
strict-transport-security: max-age=31536000
x-content-type-options: nosniff
date: Fri, 21 Oct 2022 07:43:14 GMT
server: envoy
Via: HTTP/2 edgeproxy, 1.1 google
Alt-Svc: h3=":443"; ma=2592000,h3-29=":443"; ma=2592000
Transfer-Encoding: chunked

{
    "error": {
        "status": 401,
        "message": "Invalid access token"
    }
}
]]></system-out>
  </testcase>
  <testcase name="ShouldNotBeAbleToCreateAPlaylistWithName" classname="com.spotify.oauth2.tests.PlaylistTests" time="0.322">
    <system-out><![CDATA[token is good to use
Request method:	POST
Request URI:	https://api.spotify.com/v1/users/31xxj6sy7e2cornflo4cnsygfsyu/playlists
Proxy:			<none>
Request params:	<none>
Query params:	<none>
Form params:	<none>
Path params:	<none>
Headers:		Authorization=Bearer BQB39F41HNQBT8VvnREV9vAs0O2GLhk3gtJ_Zpqj4x4spv28HYFJWMXKcYtpWxN3Mj3lZtX-EaeOkaCiXwgqwBpZoP09KTwwojVZWXVY0knSkER9vEK6UT05XZiH2wdddCXlpvMc3DcoVl_670offXgIoFoGgi65FRFRbIv1lNT-uJ4F-KhUS7x1dfM9YYw9XL6p-_PCgqAPsrLpoU51A8mLUyh9W34YDn19u5LpMiBIIpOABTd_oDpBr6emQuM-7aqcFMR0u5gaNnn5l0o8EUeSxCOOAw
				Accept=*/*
				Content-Type=application/json
Cookies:		<none>
Multiparts:		<none>
Body:
{
    "description": "New playlist description",
    "name": "",
    "public": false
}
HTTP/1.1 400 Bad Request
content-type: application/json; charset=utf-8
cache-control: private, max-age=0
x-robots-tag: noindex, nofollow
access-control-allow-origin: *
access-control-allow-headers: Accept, App-Platform, Authorization, Content-Type, Origin, Retry-After, Spotify-App-Version, X-Cloud-Trace-Context, client-token, content-access-token
access-control-allow-methods: GET, POST, OPTIONS, PUT, DELETE, PATCH
access-control-allow-credentials: true
access-control-max-age: 604800
content-encoding: gzip
strict-transport-security: max-age=31536000
x-content-type-options: nosniff
date: Fri, 21 Oct 2022 07:43:14 GMT
server: envoy
Via: HTTP/2 edgeproxy, 1.1 google
Alt-Svc: h3=":443"; ma=2592000,h3-29=":443"; ma=2592000
Transfer-Encoding: chunked

{
    "error": {
        "status": 400,
        "message": "Missing required field: name"
    }
}
]]></system-out>
  </testcase>
</testsuite>